c:\users\butakovalv\documents\github\itmo\c++\l2\l2\superprime\x64\debug\vc143.pdb
c:\users\butakovalv\documents\github\itmo\c++\l2\l2\superprime\x64\debug\vc143.idb
c:\users\butakovalv\documents\github\itmo\c++\l2\l2\superprime\x64\debug\superprime.obj
c:\users\butakovalv\documents\github\itmo\c++\l2\l2\superprime\x64\debug\snils.obj
c:\users\butakovalv\documents\github\itmo\c++\l2\l2\superprime\x64\debug\superprime.res
c:\users\butakovalv\documents\github\itmo\c++\l2\l2\superprime\x64\debug\superprime.obj.enc
c:\users\butakovalv\documents\github\itmo\c++\l2\l2\x64\debug\superprime.pdb
c:\users\butakovalv\documents\github\itmo\c++\l2\l2\superprime\x64\debug\superprime.tlog\cl.command.1.tlog
c:\users\butakovalv\documents\github\itmo\c++\l2\l2\superprime\x64\debug\superprime.tlog\cl.items.tlog
c:\users\butakovalv\documents\github\itmo\c++\l2\l2\superprime\x64\debug\superprime.tlog\cl.read.1.tlog
c:\users\butakovalv\documents\github\itmo\c++\l2\l2\superprime\x64\debug\superprime.tlog\cl.write.1.tlog
c:\users\butakovalv\documents\github\itmo\c++\l2\l2\superprime\x64\debug\superprime.tlog\link-cvtres.read.1.tlog
c:\users\butakovalv\documents\github\itmo\c++\l2\l2\superprime\x64\debug\superprime.tlog\link-cvtres.read.2.tlog
c:\users\butakovalv\documents\github\itmo\c++\l2\l2\superprime\x64\debug\superprime.tlog\link-cvtres.write.1.tlog
c:\users\butakovalv\documents\github\itmo\c++\l2\l2\superprime\x64\debug\superprime.tlog\link-rc.read.1.tlog
c:\users\butakovalv\documents\github\itmo\c++\l2\l2\superprime\x64\debug\superprime.tlog\link-rc.read.2.tlog
c:\users\butakovalv\documents\github\itmo\c++\l2\l2\superprime\x64\debug\superprime.tlog\link-rc.write.1.tlog
c:\users\butakovalv\documents\github\itmo\c++\l2\l2\superprime\x64\debug\superprime.tlog\link.13620-cvtres.read.1.tlog
c:\users\butakovalv\documents\github\itmo\c++\l2\l2\superprime\x64\debug\superprime.tlog\link.13620-cvtres.read.2.tlog
c:\users\butakovalv\documents\github\itmo\c++\l2\l2\superprime\x64\debug\superprime.tlog\link.13620-cvtres.write.1.tlog
c:\users\butakovalv\documents\github\itmo\c++\l2\l2\superprime\x64\debug\superprime.tlog\link.13620-rc.read.1.tlog
c:\users\butakovalv\documents\github\itmo\c++\l2\l2\superprime\x64\debug\superprime.tlog\link.13620-rc.read.2.tlog
c:\users\butakovalv\documents\github\itmo\c++\l2\l2\superprime\x64\debug\superprime.tlog\link.13620-rc.write.1.tlog
c:\users\butakovalv\documents\github\itmo\c++\l2\l2\superprime\x64\debug\superprime.tlog\link.13620.read.1.tlog
c:\users\butakovalv\documents\github\itmo\c++\l2\l2\superprime\x64\debug\superprime.tlog\link.13620.read.2.tlog
c:\users\butakovalv\documents\github\itmo\c++\l2\l2\superprime\x64\debug\superprime.tlog\link.13620.read.5.tlog
c:\users\butakovalv\documents\github\itmo\c++\l2\l2\superprime\x64\debug\superprime.tlog\link.13620.write.1.tlog
c:\users\butakovalv\documents\github\itmo\c++\l2\l2\superprime\x64\debug\superprime.tlog\link.command.1.tlog
c:\users\butakovalv\documents\github\itmo\c++\l2\l2\superprime\x64\debug\superprime.tlog\link.read.1.tlog
c:\users\butakovalv\documents\github\itmo\c++\l2\l2\superprime\x64\debug\superprime.tlog\link.read.2.tlog
c:\users\butakovalv\documents\github\itmo\c++\l2\l2\superprime\x64\debug\superprime.tlog\link.read.5.tlog
c:\users\butakovalv\documents\github\itmo\c++\l2\l2\superprime\x64\debug\superprime.tlog\link.write.1.tlog
c:\users\butakovalv\documents\github\itmo\c++\l2\l2\superprime\x64\debug\superprime.tlog\rc.command.1.tlog
c:\users\butakovalv\documents\github\itmo\c++\l2\l2\superprime\x64\debug\superprime.tlog\rc.read.1.tlog
c:\users\butakovalv\documents\github\itmo\c++\l2\l2\superprime\x64\debug\superprime.tlog\rc.write.1.tlog
